676
11534364 11538982 11535528 11530411 11530926 11531952 11531581 11538239 11531078 11533657 11533388 11534671 11531222 11530969 11539169 11530997 11533940 11537653 11537658 11538046 11532685 11535744 11534473 11538061 11536399 11530000 16664364 16668982 16665528 16660411 16660926 16661952 16661581 16668239 16661078 16663657 16663388 16664671 16661222 16660969 16669169 16660997 16663940 16667653 16667658 16668046 16662685 16665744 16664473 16668061 16666399 16660000 61474364 61478982 61475528 61470411 61470926 61471952 61471581 61478239 61471078 61473657 61473388 61474671 61471222 61470969 61479169 61470997 61473940 61477653 61477658 61478046 61472685 61475744 61474473 61478061 61476399 61470000 78204364 78208982 78205528 78200411 78200926 78201952 78201581 78208239 78201078 78203657 78203388 78204671 78201222 78200969 78209169 78200997 78203940 78207653 78207658 78208046 78202685 78205744 78204473 78208061 78206399 78200000 53894364 53898982 53895528 53890411 53890926 53891952 53891581 53898239 53891078 53893657 53893388 53894671 53891222 53890969 53899169 53890997 53893940 53897653 53897658 53898046 53892685 53895744 53894473 53898061 53896399 53890000 60314364 60318982 60315528 60310411 60310926 60311952 60311581 60318239 60311078 60313657 60313388 60314671 60311222 60310969 60319169 60310997 60313940 60317653 60317658 60318046 60312685 60315744 60314473 60318061 60316399 60310000 51374364 51378982 51375528 51370411 51370926 51371952 51371581 51378239 51371078 51373657 51373388 51374671 51371222 51370969 51379169 51370997 51373940 51377653 51377658 51378046 51372685 51375744 51374473 51378061 51376399 51370000 45104364 45108982 45105528 45100411 45100926 45101952 45101581 45108239 45101078 45103657 45103388 45104671 45101222 45100969 45109169 45100997 45103940 45107653 45107658 45108046 45102685 45105744 45104473 45108061 45106399 45100000 24724364 24728982 24725528 24720411 24720926 24721952 24721581 24728239 24721078 24723657 24723388 24724671 24721222 24720969 24729169 24720997 24723940 24727653 24727658 24728046 24722685 24725744 24724473 24728061 24726399 24720000 64454364 64458982 64455528 64450411 64450926 64451952 64451581 64458239 64451078 64453657 64453388 64454671 64451222 64450969 64459169 64450997 64453940 64457653 64457658 64458046 64452685 64455744 64454473 64458061 64456399 64450000 79834364 79838982 79835528 79830411 79830926 79831952 79831581 79838239 79831078 79833657 79833388 79834671 79831222 79830969 79839169 79830997 79833940 79837653 79837658 79838046 79832685 79835744 79834473 79838061 79836399 79830000 47974364 47978982 47975528 47970411 47970926 47971952 47971581 47978239 47971078 47973657 47973388 47974671 47971222 47970969 47979169 47970997 47973940 47977653 47977658 47978046 47972685 47975744 47974473 47978061 47976399 47970000 94064364 94068982 94065528 94060411 94060926 94061952 94061581 94068239 94061078 94063657 94063388 94064671 94061222 94060969 94069169 94060997 94063940 94067653 94067658 94068046 94062685 94065744 94064473 94068061 94066399 94060000 43544364 43548982 43545528 43540411 43540926 43541952 43541581 43548239 43541078 43543657 43543388 43544671 43541222 43540969 43549169 43540997 43543940 43547653 43547658 43548046 43542685 43545744 43544473 43548061 43546399 43540000 77594364 77598982 77595528 77590411 77590926 77591952 77591581 77598239 77591078 77593657 77593388 77594671 77591222 77590969 77599169 77590997 77593940 77597653 77597658 77598046 77592685 77595744 77594473 77598061 77596399 77590000 80164364 80168982 80165528 80160411 80160926 80161952 80161581 80168239 80161078 80163657 80163388 80164671 80161222 80160969 80169169 80160997 80163940 80167653 80167658 80168046 80162685 80165744 80164473 80168061 80166399 80160000 8584364 8588982 8585528 8580411 8580926 8581952 8581581 8588239 8581078 8583657 8583388 8584671 8581222 8580969 8589169 8580997 8583940 8587653 8587658 8588046 8582685 8585744 8584473 8588061 8586399 8580000 25254364 25258982 25255528 25250411 25250926 25251952 25251581 25258239 25251078 25253657 25253388 25254671 25251222 25250969 25259169 25250997 25253940 25257653 25257658 25258046 25252685 25255744 25254473 25258061 25256399 25250000 50884364 50888982 50885528 50880411 50880926 50881952 50881581 50888239 50881078 50883657 50883388 50884671 50881222 50880969 50889169 50880997 50883940 50887653 50887658 50888046 50882685 50885744 50884473 50888061 50886399 50880000 55844364 55848982 55845528 55840411 55840926 55841952 55841581 55848239 55841078 55843657 55843388 55844671 55841222 55840969 55849169 55840997 55843940 55847653 55847658 55848046 55842685 55845744 55844473 55848061 55846399 55840000 16374364 16378982 16375528 16370411 16370926 16371952 16371581 16378239 16371078 16373657 16373388 16374671 16371222 16370969 16379169 16370997 16373940 16377653 16377658 16378046 16372685 16375744 16374473 16378061 16376399 16370000 52224364 52228982 52225528 52220411 52220926 52221952 52221581 52228239 52221078 52223657 52223388 52224671 52221222 52220969 52229169 52220997 52223940 52227653 52227658 52228046 52222685 52225744 52224473 52228061 52226399 52220000 53584364 53588982 53585528 53580411 53580926 53581952 53581581 53588239 53581078 53583657 53583388 53584671 53581222 53580969 53589169 53580997 53583940 53587653 53587658 53588046 53582685 53585744 53584473 53588061 53586399 53580000 30584364 30588982 30585528 30580411 30580926 30581952 30581581 30588239 30581078 30583657 30583388 30584671 30581222 30580969 30589169 30580997 30583940 30587653 30587658 30588046 30582685 30585744 30584473 30588061 30586399 30580000 90774364 90778982 90775528 90770411 90770926 90771952 90771581 90778239 90771078 90773657 90773388 90774671 90771222 90770969 90779169 90770997 90773940 90777653 90777658 90778046 90772685 90775744 90774473 90778061 90776399 90770000 4364 8982 5528 411 926 1952 1581 8239 1078 3657 3388 4671 1222 969 9169 997 3940 7653 7658 8046 2685 5744 4473 8061 6399 0 
1
m 
61474473
49
43541952 43541078 43543657 43548982 43543388 43540926 43540000 16371952 16371078 16373657 16378982 16373388 16370926 16370000 24721952 24721078 24723657 24728982 24723388 24720926 24720000 53581952 53581078 53583657 53588982 53583388 53580926 53580000 30581952 30581078 30583657 30588982 30583388 30580926 30580000 8581952 8581078 8583657 8588982 8583388 8580926 8580000 1952 1078 3657 8982 3388 926 0 
676
0 m 0
411 m 8239
926 m 3388
969 m 7658
997 m 5528
1078 m 8061
1222 m 9169
1581 m 926
1952 m 4473
2685 m 7653
3388 m 1581
3657 m 997
3940 m 0
4364 m 5744
4473 m 3657
4671 m 1952
5528 m 4473
5744 m 1222
6399 m 8046
7653 m 1952
7658 m 3940
8046 m 8982
8061 m 2685
8239 m 5744
8982 m 8061
9169 m 3657
8580000 m 11530000
8580411 m 11538239
8580926 m 11533388
8580969 m 11537658
8580997 m 11535528
8581078 m 11538061
8581222 m 11539169
8581581 m 11530926
8581952 m 11534473
8582685 m 11537653
8583388 m 11531581
8583657 m 11530997
8583940 m 11530000
8584364 m 11535744
8584473 m 11533657
8584671 m 11531952
8585528 m 11534473
8585744 m 11531222
8586399 m 11538046
8587653 m 11531952
8587658 m 11533940
8588046 m 11538982
8588061 m 11532685
8588239 m 11535744
8588982 m 11538061
8589169 m 11533657
11530000 m 53580000
11530411 m 53588239
11530926 m 53583388
11530969 m 53587658
11530997 m 53585528
11531078 m 53588061
11531222 m 53589169
11531581 m 53580926
11531952 m 53584473
11532685 m 53587653
11533388 m 53581581
11533657 m 53580997
11533940 m 53580000
11534364 m 53585744
11534473 m 53583657
11534671 m 53581952
11535528 m 53584473
11535744 m 53581222
11536399 m 53588046
11537653 m 53581952
11537658 m 53583940
11538046 m 53588982
11538061 m 53582685
11538239 m 53585744
11538982 m 53588061
11539169 m 53583657
16370000 m 90770000
16370411 m 90778239
16370926 m 90773388
16370969 m 90777658
16370997 m 90775528
16371078 m 90778061
16371222 m 90779169
16371581 m 90770926
16371952 m 90774473
16372685 m 90777653
16373388 m 90771581
16373657 m 90770997
16373940 m 90770000
16374364 m 90775744
16374473 m 90773657
16374671 m 90771952
16375528 m 90774473
16375744 m 90771222
16376399 m 90778046
16377653 m 90771952
16377658 m 90773940
16378046 m 90778982
16378061 m 90772685
16378239 m 90775744
16378982 m 90778061
16379169 m 90773657
16660000 m 53890000
16660411 m 53898239
16660926 m 53893388
16660969 m 53897658
16660997 m 53895528
16661078 m 53898061
16661222 m 53899169
16661581 m 53890926
16661952 m 53894473
16662685 m 53897653
16663388 m 53891581
16663657 m 53890997
16663940 m 53890000
16664364 m 53895744
16664473 m 53893657
16664671 m 53891952
16665528 m 53894473
16665744 m 53891222
16666399 m 53898046
16667653 m 53891952
16667658 m 53893940
16668046 m 53898982
16668061 m 53892685
16668239 m 53895744
16668982 m 53898061
16669169 m 53893657
24720000 m 90770000
24720411 m 90778239
24720926 m 90773388
24720969 m 90777658
24720997 m 90775528
24721078 m 90778061
24721222 m 90779169
24721581 m 90770926
24721952 m 90774473
24722685 m 90777653
24723388 m 90771581
24723657 m 90770997
24723940 m 90770000
24724364 m 90775744
24724473 m 90773657
24724671 m 90771952
24725528 m 90774473
24725744 m 90771222
24726399 m 90778046
24727653 m 90771952
24727658 m 90773940
24728046 m 90778982
24728061 m 90772685
24728239 m 90775744
24728982 m 90778061
24729169 m 90773657
25250000 m 47970000
25250411 m 47978239
25250926 m 47973388
25250969 m 47977658
25250997 m 47975528
25251078 m 47978061
25251222 m 47979169
25251581 m 47970926
25251952 m 47974473
25252685 m 47977653
25253388 m 47971581
25253657 m 47970997
25253940 m 47970000
25254364 m 47975744
25254473 m 47973657
25254671 m 47971952
25255528 m 47974473
25255744 m 47971222
25256399 m 47978046
25257653 m 47971952
25257658 m 47973940
25258046 m 47978982
25258061 m 47972685
25258239 m 47975744
25258982 m 47978061
25259169 m 47973657
30580000 m 50880000
30580411 m 50888239
30580926 m 50883388
30580969 m 50887658
30580997 m 50885528
30581078 m 50888061
30581222 m 50889169
30581581 m 50880926
30581952 m 50884473
30582685 m 50887653
30583388 m 50881581
30583657 m 50880997
30583940 m 50880000
30584364 m 50885744
30584473 m 50883657
30584671 m 50881952
30585528 m 50884473
30585744 m 50881222
30586399 m 50888046
30587653 m 50881952
30587658 m 50883940
30588046 m 50888982
30588061 m 50882685
30588239 m 50885744
30588982 m 50888061
30589169 m 50883657
43540000 m 61470000
43540411 m 61478239
43540926 m 61473388
43540969 m 61477658
43540997 m 61475528
43541078 m 61478061
43541222 m 61479169
43541581 m 61470926
43541952 m 61474473
43542685 m 61477653
43543388 m 61471581
43543657 m 61470997
43543940 m 61470000
43544364 m 61475744
43544473 m 61473657
43544671 m 61471952
43545528 m 61474473
43545744 m 61471222
43546399 m 61478046
43547653 m 61471952
43547658 m 61473940
43548046 m 61478982
43548061 m 61472685
43548239 m 61475744
43548982 m 61478061
43549169 m 61473657
45100000 m 52220000
45100411 m 52228239
45100926 m 52223388
45100969 m 52227658
45100997 m 52225528
45101078 m 52228061
45101222 m 52229169
45101581 m 52220926
45101952 m 52224473
45102685 m 52227653
45103388 m 52221581
45103657 m 52220997
45103940 m 52220000
45104364 m 52225744
45104473 m 52223657
45104671 m 52221952
45105528 m 52224473
45105744 m 52221222
45106399 m 52228046
45107653 m 52221952
45107658 m 52223940
45108046 m 52228982
45108061 m 52222685
45108239 m 52225744
45108982 m 52228061
45109169 m 52223657
47970000 m 52220000
47970411 m 52228239
47970926 m 52223388
47970969 m 52227658
47970997 m 52225528
47971078 m 52228061
47971222 m 52229169
47971581 m 52220926
47971952 m 52224473
47972685 m 52227653
47973388 m 52221581
47973657 m 52220997
47973940 m 52220000
47974364 m 52225744
47974473 m 52223657
47974671 m 52221952
47975528 m 52224473
47975744 m 52221222
47976399 m 52228046
47977653 m 52221952
47977658 m 52223940
47978046 m 52228982
47978061 m 52222685
47978239 m 52225744
47978982 m 52228061
47979169 m 52223657
50880000 m 45100000
50880411 m 45108239
50880926 m 45103388
50880969 m 45107658
50880997 m 45105528
50881078 m 45108061
50881222 m 45109169
50881581 m 45100926
50881952 m 45104473
50882685 m 45107653
50883388 m 45101581
50883657 m 45100997
50883940 m 45100000
50884364 m 45105744
50884473 m 45103657
50884671 m 45101952
50885528 m 45104473
50885744 m 45101222
50886399 m 45108046
50887653 m 45101952
50887658 m 45103940
50888046 m 45108982
50888061 m 45102685
50888239 m 45105744
50888982 m 45108061
50889169 m 45103657
51370000 m 45100000
51370411 m 45108239
51370926 m 45103388
51370969 m 45107658
51370997 m 45105528
51371078 m 45108061
51371222 m 45109169
51371581 m 45100926
51371952 m 45104473
51372685 m 45107653
51373388 m 45101581
51373657 m 45100997
51373940 m 45100000
51374364 m 45105744
51374473 m 45103657
51374671 m 45101952
51375528 m 45104473
51375744 m 45101222
51376399 m 45108046
51377653 m 45101952
51377658 m 45103940
51378046 m 45108982
51378061 m 45102685
51378239 m 45105744
51378982 m 45108061
51379169 m 45103657
52220000 m 25250000
52220411 m 25258239
52220926 m 25253388
52220969 m 25257658
52220997 m 25255528
52221078 m 25258061
52221222 m 25259169
52221581 m 25250926
52221952 m 25254473
52222685 m 25257653
52223388 m 25251581
52223657 m 25250997
52223940 m 25250000
52224364 m 25255744
52224473 m 25253657
52224671 m 25251952
52225528 m 25254473
52225744 m 25251222
52226399 m 25258046
52227653 m 25251952
52227658 m 25253940
52228046 m 25258982
52228061 m 25252685
52228239 m 25255744
52228982 m 25258061
52229169 m 25253657
53580000 m 53580000
53580411 m 53588239
53580926 m 53583388
53580969 m 53587658
53580997 m 53585528
53581078 m 53588061
53581222 m 53589169
53581581 m 53580926
53581952 m 53584473
53582685 m 53587653
53583388 m 53581581
53583657 m 53580997
53583940 m 53580000
53584364 m 53585744
53584473 m 53583657
53584671 m 53581952
53585528 m 53584473
53585744 m 53581222
53586399 m 53588046
53587653 m 53581952
53587658 m 53583940
53588046 m 53588982
53588061 m 53582685
53588239 m 53585744
53588982 m 53588061
53589169 m 53583657
53890000 m 53890000
53890411 m 53898239
53890926 m 53893388
53890969 m 53897658
53890997 m 53895528
53891078 m 53898061
53891222 m 53899169
53891581 m 53890926
53891952 m 53894473
53892685 m 53897653
53893388 m 53891581
53893657 m 53890997
53893940 m 53890000
53894364 m 53895744
53894473 m 53893657
53894671 m 53891952
53895528 m 53894473
53895744 m 53891222
53896399 m 53898046
53897653 m 53891952
53897658 m 53893940
53898046 m 53898982
53898061 m 53892685
53898239 m 53895744
53898982 m 53898061
53899169 m 53893657
55840000 m 16660000
55840411 m 16668239
55840926 m 16663388
55840969 m 16667658
55840997 m 16665528
55841078 m 16668061
55841222 m 16669169
55841581 m 16660926
55841952 m 16664473
55842685 m 16667653
55843388 m 16661581
55843657 m 16660997
55843940 m 16660000
55844364 m 16665744
55844473 m 16663657
55844671 m 16661952
55845528 m 16664473
55845744 m 16661222
55846399 m 16668046
55847653 m 16661952
55847658 m 16663940
55848046 m 16668982
55848061 m 16662685
55848239 m 16665744
55848982 m 16668061
55849169 m 16663657
60310000 m 53890000
60310411 m 53898239
60310926 m 53893388
60310969 m 53897658
60310997 m 53895528
60311078 m 53898061
60311222 m 53899169
60311581 m 53890926
60311952 m 53894473
60312685 m 53897653
60313388 m 53891581
60313657 m 53890997
60313940 m 53890000
60314364 m 53895744
60314473 m 53893657
60314671 m 53891952
60315528 m 53894473
60315744 m 53891222
60316399 m 53898046
60317653 m 53891952
60317658 m 53893940
60318046 m 53898982
60318061 m 53892685
60318239 m 53895744
60318982 m 53898061
60319169 m 53893657
61470000 m 90770000
61470411 m 90778239
61470926 m 90773388
61470969 m 90777658
61470997 m 90775528
61471078 m 90778061
61471222 m 90779169
61471581 m 90770926
61471952 m 90774473
61472685 m 90777653
61473388 m 90771581
61473657 m 90770997
61473940 m 90770000
61474364 m 90775744
61474473 m 90773657
61474671 m 90771952
61475528 m 90774473
61475744 m 90771222
61476399 m 90778046
61477653 m 90771952
61477658 m 90773940
61478046 m 90778982
61478061 m 90772685
61478239 m 90775744
61478982 m 90778061
61479169 m 90773657
64450000 m 25250000
64450411 m 25258239
64450926 m 25253388
64450969 m 25257658
64450997 m 25255528
64451078 m 25258061
64451222 m 25259169
64451581 m 25250926
64451952 m 25254473
64452685 m 25257653
64453388 m 25251581
64453657 m 25250997
64453940 m 25250000
64454364 m 25255744
64454473 m 25253657
64454671 m 25251952
64455528 m 25254473
64455744 m 25251222
64456399 m 25258046
64457653 m 25251952
64457658 m 25253940
64458046 m 25258982
64458061 m 25252685
64458239 m 25255744
64458982 m 25258061
64459169 m 25253657
77590000 m 16370000
77590411 m 16378239
77590926 m 16373388
77590969 m 16377658
77590997 m 16375528
77591078 m 16378061
77591222 m 16379169
77591581 m 16370926
77591952 m 16374473
77592685 m 16377653
77593388 m 16371581
77593657 m 16370997
77593940 m 16370000
77594364 m 16375744
77594473 m 16373657
77594671 m 16371952
77595528 m 16374473
77595744 m 16371222
77596399 m 16378046
77597653 m 16371952
77597658 m 16373940
77598046 m 16378982
77598061 m 16372685
77598239 m 16375744
77598982 m 16378061
77599169 m 16373657
78200000 m 24720000
78200411 m 24728239
78200926 m 24723388
78200969 m 24727658
78200997 m 24725528
78201078 m 24728061
78201222 m 24729169
78201581 m 24720926
78201952 m 24724473
78202685 m 24727653
78203388 m 24721581
78203657 m 24720997
78203940 m 24720000
78204364 m 24725744
78204473 m 24723657
78204671 m 24721952
78205528 m 24724473
78205744 m 24721222
78206399 m 24728046
78207653 m 24721952
78207658 m 24723940
78208046 m 24728982
78208061 m 24722685
78208239 m 24725744
78208982 m 24728061
78209169 m 24723657
79830000 m 25250000
79830411 m 25258239
79830926 m 25253388
79830969 m 25257658
79830997 m 25255528
79831078 m 25258061
79831222 m 25259169
79831581 m 25250926
79831952 m 25254473
79832685 m 25257653
79833388 m 25251581
79833657 m 25250997
79833940 m 25250000
79834364 m 25255744
79834473 m 25253657
79834671 m 25251952
79835528 m 25254473
79835744 m 25251222
79836399 m 25258046
79837653 m 25251952
79837658 m 25253940
79838046 m 25258982
79838061 m 25252685
79838239 m 25255744
79838982 m 25258061
79839169 m 25253657
80160000 m 60310000
80160411 m 60318239
80160926 m 60313388
80160969 m 60317658
80160997 m 60315528
80161078 m 60318061
80161222 m 60319169
80161581 m 60310926
80161952 m 60314473
80162685 m 60317653
80163388 m 60311581
80163657 m 60310997
80163940 m 60310000
80164364 m 60315744
80164473 m 60313657
80164671 m 60311952
80165528 m 60314473
80165744 m 60311222
80166399 m 60318046
80167653 m 60311952
80167658 m 60313940
80168046 m 60318982
80168061 m 60312685
80168239 m 60315744
80168982 m 60318061
80169169 m 60313657
90770000 m 24720000
90770411 m 24728239
90770926 m 24723388
90770969 m 24727658
90770997 m 24725528
90771078 m 24728061
90771222 m 24729169
90771581 m 24720926
90771952 m 24724473
90772685 m 24727653
90773388 m 24721581
90773657 m 24720997
90773940 m 24720000
90774364 m 24725744
90774473 m 24723657
90774671 m 24721952
90775528 m 24724473
90775744 m 24721222
90776399 m 24728046
90777653 m 24721952
90777658 m 24723940
90778046 m 24728982
90778061 m 24722685
90778239 m 24725744
90778982 m 24728061
90779169 m 24723657
94060000 m 64450000
94060411 m 64458239
94060926 m 64453388
94060969 m 64457658
94060997 m 64455528
94061078 m 64458061
94061222 m 64459169
94061581 m 64450926
94061952 m 64454473
94062685 m 64457653
94063388 m 64451581
94063657 m 64450997
94063940 m 64450000
94064364 m 64455744
94064473 m 64453657
94064671 m 64451952
94065528 m 64454473
94065744 m 64451222
94066399 m 64458046
94067653 m 64451952
94067658 m 64453940
94068046 m 64458982
94068061 m 64452685
94068239 m 64455744
94068982 m 64458061
94069169 m 64453657
